[90m2025-08-16T17:48:38.042Z[39m [96mINFO[39m [97m@wdio/browserstack-service[39m BrowserStack service started with id: 77c8b222-96f0-4386-bdc6-5f2d49f05b8b
[90m2025-08-16T17:48:38.062Z[39m [32mDEBUG[39m [97m@wdio/browserstack-service[39m Sending SDK event with data {
  userName: '[REDACTED]',
  accessKey: '[REDACTED]',
  event_type: 'SDKTestAttempted',
  detectedFramework: 'WebdriverIO-cucumber',
  event_properties: {
    sdkRunId: '77c8b222-96f0-4386-bdc6-5f2d49f05b8b',
    testhub_uuid: undefined,
    language_framework: 'WebdriverIO_cucumber',
    referrer: 'WebdriverIO-cucumber/9.19.0',
    language: 'WebdriverIO',
    languageVersion: 'v22.11.0',
    buildName: 'undefined',
    buildIdentifier: 'undefined',
    os: 'Windows_NT',
    hostname: 'Hari',
    productMap: {
      observability: true,
      accessibility: null,
      percy: false,
      automate: false,
      app_automate: true
    },
    product: [ 'observability', 'app-automate' ],
    framework: 'cucumber'
  }
}
[90m2025-08-16T17:48:38.379Z[39m [32mDEBUG[39m [97m@wdio/browserstack-service[39m Funnel Event Response: "{\"message\":\"SDK Event recorded successfully\"}"
[90m2025-08-16T17:48:38.379Z[39m [32mDEBUG[39m [97m@wdio/browserstack-service[39m Funnel event success
[90m2025-08-16T17:48:38.380Z[39m [96mINFO[39m [97m@wdio/browserstack-service[39m Using app: bs://b217446d8e0dceeeba408d35cdfe52d97a9bb2b9
[90m2025-08-16T17:48:38.381Z[39m [33mWARN[39m [97m@wdio/browserstack-service[39m Skipping buildIdentifier as buildName is not passed.
[90m2025-08-16T17:48:38.382Z[39m [33mWARN[39m [97m@wdio/browserstack-service[39m Accessibility Automation will run only on Chrome browsers.
[90m2025-08-16T17:48:38.382Z[39m [33mWARN[39m [97m@wdio/browserstack-service[39m Accessibility Automation will run only on Chrome browsers.
[90m2025-08-16T17:48:38.383Z[39m [32mDEBUG[39m [97m@wdio/browserstack-service[39m Sending launch start event
[90m2025-08-16T17:48:39.045Z[39m [32mDEBUG[39m [97m@wdio/browserstack-service[39m [Start_Build] Success response: {"observability":{"success":true,"options":{"allow_screenshots":true},"code":null,"errors":null,"error_trace_id":null},"accessibility":null,"automate":null,"turboscale":null,"build_hashed_id":"3ke5aqsvjtzqmbazcyd4irgbzz2mvkeomvhmsgxh","jwt":"eyJhbGciOiJIUzI1NiJ9.eyJpc3MiOiJicm93c2Vyc3RhY2tfb2IiLCJzdWIiOiIxMDAwODg0MyIsImdyb3VwX2lkIjo5OTE4MTAzLCJ1c2VyX2lkIjoxMDAwODg0MywiYnVpbGRfaGFzaGVkX2lkIjoiM2tlNWFxc3ZqdHpxbWJhemN5ZDRpcmdienoybXZrZW9tdmhtc2d4aCIsImhvb2tfYXNfdGVzdCI6IjEiLCJidWlsZF9uYW1lIjoiTW9iaWxlIEFwcCBBdXRvbWF0aW9uIiwicHJvZHVjdF9tYXAiOiJ7XCJvYnNlcnZhYmlsaXR5XCI6dHJ1ZSxcIm9yaWdpbkZyb21Qcm9kdWN0TWFwXCI6XCJBcHBBdXRvbWF0ZVwiLFwiYnN0YWNrQXV0b21hdGlvblwiOnRydWUsXCJjYWRcIjp0cnVlLFwibm9uU0RLXCI6ZmFsc2UsXCJhY2Nlc3NpYmlsaXR5QXV0b0VuYWJsZWRcIjp0cnVlLFwiYXBwX2F1dG9tYXRlXCI6dHJ1ZX0iLCJncnJfcmVnaW9uIjoiIiwiaXNfbG93X3ZvbHVtZSI6ZmFsc2UsInNpZ25pbmdfa2V5X2hhc2giOiIzN2MxMTMxZTRiMmU3NDNjNzY2ZTFkNzBiZjVmMmI1N2RjNjliMTk1ZDMwMGUzMmFlOGQwMjMxMjBhNGE2ZDk3IiwiaWF0IjoxNzU1MzY2NjMyLCJleHAiOjE3NTU3MTIyMzJ9.qmMCdl2EK7hpKM-O4RqZ19HzxNT0QRE4PGWKAc_5aYc","discard_build":null,"app_automate":{"success":true,"options":{"allow_screenshots":true},"code":null,"errors":null,"error_trace_id":null}}
[90m2025-08-16T17:48:39.045Z[39m [96mINFO[39m [97m@wdio/browserstack-service[39m Testhub started with id: 3ke5aqsvjtzqmbazcyd4irgbzz2mvkeomvhmsgxh
[90m2025-08-16T17:48:39.527Z[39m [32mDEBUG[39m [97m@wdio/browserstack-service[39m Percy binary is up to date (ETag unchanged)
[90m2025-08-16T17:48:47.496Z[39m [96mINFO[39m [97m@wdio/browserstack-service[39m Browserstack Local successfully started after 9361.589899999999ms
[90m2025-08-16T17:49:08.155Z[39m [32mDEBUG[39m [97m@wdio/browserstack-service[39m Skipping method: Console, exists: true, type: function
[90m2025-08-16T17:49:08.371Z[39m [32mDEBUG[39m [97m@wdio/browserstack-service[39m Requesting Browserstack session URL at https://api-cloud.browserstack.com/app-automate/sessions/612c6df9187d24a6dd904ffaf65983af7d7de66f.json
[90m2025-08-16T17:49:08.567Z[39m [32mDEBUG[39m [97m@wdio/browserstack-service[39m Skipping method: Console, exists: true, type: function
[90m2025-08-16T17:49:08.745Z[39m [96mINFO[39m [97m@wdio/browserstack-service[39m  session: https://app-automate.browserstack.com/builds/3b2ec2d3c97ccbbafaa4304988ac53600626fa5a/sessions/612c6df9187d24a6dd904ffaf65983af7d7de66f
[90m2025-08-16T17:49:08.771Z[39m [32mDEBUG[39m [97m@wdio/browserstack-service[39m Requesting Browserstack session URL at https://api-cloud.browserstack.com/app-automate/sessions/688c368e3a4b24a40f101c5cfcdcecfebdaf964e.json
[90m2025-08-16T17:49:08.887Z[39m [96mINFO[39m [97m@wdio/browserstack-service[39m Update job with sessionId 612c6df9187d24a6dd904ffaf65983af7d7de66f
[90m2025-08-16T17:49:08.887Z[39m [32mDEBUG[39m [97m@wdio/browserstack-service[39m Updating Browserstack session at https://api-cloud.browserstack.com/app-automate/sessions/612c6df9187d24a6dd904ffaf65983af7d7de66f.json with request body: 
[90m2025-08-16T17:49:09.069Z[39m [96mINFO[39m [97m@wdio/browserstack-service[39m  session: https://app-automate.browserstack.com/builds/3b2ec2d3c97ccbbafaa4304988ac53600626fa5a/sessions/688c368e3a4b24a40f101c5cfcdcecfebdaf964e
[90m2025-08-16T17:49:09.205Z[39m [96mINFO[39m [97m@wdio/browserstack-service[39m Update job with sessionId 688c368e3a4b24a40f101c5cfcdcecfebdaf964e
[90m2025-08-16T17:49:09.205Z[39m [32mDEBUG[39m [97m@wdio/browserstack-service[39m Updating Browserstack session at https://api-cloud.browserstack.com/app-automate/sessions/688c368e3a4b24a40f101c5cfcdcecfebdaf964e.json with request body: 
[90m2025-08-16T17:49:09.224Z[39m [32mDEBUG[39m [97m@wdio/browserstack-service[39m Got platformVersion from driver caps
[90m2025-08-16T17:49:09.224Z[39m [32mDEBUG[39m [97m@wdio/browserstack-service[39m Added data to request queue. Queue length = 1
[90m2025-08-16T17:49:09.339Z[39m [32mDEBUG[39m [97m@wdio/browserstack-service[39m Added data to request queue. Queue length = 2
[90m2025-08-16T17:49:09.380Z[39m [32mDEBUG[39m [97m@wdio/browserstack-service[39m Added data to request queue. Queue length = 3
[90m2025-08-16T17:49:09.483Z[39m [32mDEBUG[39m [97m@wdio/browserstack-service[39m Got platformVersion from driver caps
[90m2025-08-16T17:49:09.484Z[39m [32mDEBUG[39m [97m@wdio/browserstack-service[39m Added data to request queue. Queue length = 1
[90m2025-08-16T17:49:09.583Z[39m [32mDEBUG[39m [97m@wdio/browserstack-service[39m Added data to request queue. Queue length = 2
[90m2025-08-16T17:49:09.624Z[39m [32mDEBUG[39m [97m@wdio/browserstack-service[39m Added data to request queue. Queue length = 3
[90m2025-08-16T17:49:09.684Z[39m [32mDEBUG[39m [97m@wdio/browserstack-service[39m Added data to request queue. Queue length = 4
[90m2025-08-16T17:49:09.852Z[39m [32mDEBUG[39m [97m@wdio/browserstack-service[39m Added data to request queue. Queue length = 5
[90m2025-08-16T17:49:09.969Z[39m [32mDEBUG[39m [97m@wdio/browserstack-service[39m Added data to request queue. Queue length = 4
[90m2025-08-16T17:49:10.010Z[39m [32mDEBUG[39m [97m@wdio/browserstack-service[39m Added data to request queue. Queue length = 6
[90m2025-08-16T17:49:10.154Z[39m [32mDEBUG[39m [97m@wdio/browserstack-service[39m Added data to request queue. Queue length = 5
[90m2025-08-16T17:49:10.158Z[39m [32mDEBUG[39m [97m@wdio/browserstack-service[39m Added data to request queue. Queue length = 7
[90m2025-08-16T17:49:10.338Z[39m [32mDEBUG[39m [97m@wdio/browserstack-service[39m Added data to request queue. Queue length = 6
[90m2025-08-16T17:49:10.487Z[39m [32mDEBUG[39m [97m@wdio/browserstack-service[39m Added data to request queue. Queue length = 7
[90m2025-08-16T17:49:11.231Z[39m [32mDEBUG[39m [97m@wdio/browserstack-service[39m Sending data from request queue. Data length = 7, Queue length after removal = 0
[90m2025-08-16T17:49:11.232Z[39m [32mDEBUG[39m [97m@wdio/browserstack-service[39m calling callback with kind INTERVAL_QUEUE
[90m2025-08-16T17:49:11.232Z[39m [32mDEBUG[39m [97m@wdio/browserstack-service[39m callback: called with events 7
[90m2025-08-16T17:49:11.495Z[39m [32mDEBUG[39m [97m@wdio/browserstack-service[39m Sending data from request queue. Data length = 7, Queue length after removal = 0
[90m2025-08-16T17:49:11.495Z[39m [32mDEBUG[39m [97m@wdio/browserstack-service[39m calling callback with kind INTERVAL_QUEUE
[90m2025-08-16T17:49:11.495Z[39m [32mDEBUG[39m [97m@wdio/browserstack-service[39m callback: called with events 7
[90m2025-08-16T17:49:11.581Z[39m [32mDEBUG[39m [97m@wdio/browserstack-service[39m [BATCH_DATA] Success response: {"success":true}
[90m2025-08-16T17:49:11.581Z[39m [32mDEBUG[39m [97m@wdio/browserstack-service[39m callback: marking events success 7
[90m2025-08-16T17:49:11.631Z[39m [32mDEBUG[39m [97m@wdio/browserstack-service[39m Added data to request queue. Queue length = 1
[90m2025-08-16T17:49:11.666Z[39m [32mDEBUG[39m [97m@wdio/browserstack-service[39m Added data to request queue. Queue length = 2
[90m2025-08-16T17:49:11.783Z[39m [32mDEBUG[39m [97m@wdio/browserstack-service[39m Added data to request queue. Queue length = 1
[90m2025-08-16T17:49:11.800Z[39m [32mDEBUG[39m [97m@wdio/browserstack-service[39m Added data to request queue. Queue length = 3
[90m2025-08-16T17:49:11.816Z[39m [32mDEBUG[39m [97m@wdio/browserstack-service[39m Added data to request queue. Queue length = 2
[90m2025-08-16T17:49:11.840Z[39m [32mDEBUG[39m [97m@wdio/browserstack-service[39m [BATCH_DATA] Success response: {"success":true}
[90m2025-08-16T17:49:11.840Z[39m [32mDEBUG[39m [97m@wdio/browserstack-service[39m callback: marking events success 7
[90m2025-08-16T17:49:11.938Z[39m [32mDEBUG[39m [97m@wdio/browserstack-service[39m Added data to request queue. Queue length = 4
[90m2025-08-16T17:49:12.005Z[39m [32mDEBUG[39m [97m@wdio/browserstack-service[39m Added data to request queue. Queue length = 3
[90m2025-08-16T17:49:12.086Z[39m [32mDEBUG[39m [97m@wdio/browserstack-service[39m Added data to request queue. Queue length = 5
[90m2025-08-16T17:49:12.166Z[39m [32mDEBUG[39m [97m@wdio/browserstack-service[39m Added data to request queue. Queue length = 4
[90m2025-08-16T17:49:12.212Z[39m [32mDEBUG[39m [97m@wdio/browserstack-service[39m Added data to request queue. Queue length = 6
[90m2025-08-16T17:49:12.322Z[39m [32mDEBUG[39m [97m@wdio/browserstack-service[39m Added data to request queue. Queue length = 5
[90m2025-08-16T17:49:12.461Z[39m [32mDEBUG[39m [97m@wdio/browserstack-service[39m Added data to request queue. Queue length = 6
[90m2025-08-16T17:49:13.244Z[39m [32mDEBUG[39m [97m@wdio/browserstack-service[39m Sending data from request queue. Data length = 6, Queue length after removal = 0
[90m2025-08-16T17:49:13.244Z[39m [32mDEBUG[39m [97m@wdio/browserstack-service[39m calling callback with kind INTERVAL_QUEUE
[90m2025-08-16T17:49:13.244Z[39m [32mDEBUG[39m [97m@wdio/browserstack-service[39m callback: called with events 6
[90m2025-08-16T17:49:13.374Z[39m [32mDEBUG[39m [97m@wdio/browserstack-service[39m [BATCH_DATA] Success response: {"success":true}
[90m2025-08-16T17:49:13.374Z[39m [32mDEBUG[39m [97m@wdio/browserstack-service[39m callback: marking events success 6
[90m2025-08-16T17:49:13.510Z[39m [32mDEBUG[39m [97m@wdio/browserstack-service[39m Sending data from request queue. Data length = 6, Queue length after removal = 0
[90m2025-08-16T17:49:13.510Z[39m [32mDEBUG[39m [97m@wdio/browserstack-service[39m calling callback with kind INTERVAL_QUEUE
[90m2025-08-16T17:49:13.510Z[39m [32mDEBUG[39m [97m@wdio/browserstack-service[39m callback: called with events 6
[90m2025-08-16T17:49:13.543Z[39m [32mDEBUG[39m [97m@wdio/browserstack-service[39m Added data to request queue. Queue length = 1
[90m2025-08-16T17:49:13.576Z[39m [32mDEBUG[39m [97m@wdio/browserstack-service[39m Added data to request queue. Queue length = 2
[90m2025-08-16T17:49:13.639Z[39m [32mDEBUG[39m [97m@wdio/browserstack-service[39m [BATCH_DATA] Success response: {"success":true}
[90m2025-08-16T17:49:13.639Z[39m [32mDEBUG[39m [97m@wdio/browserstack-service[39m callback: marking events success 6
[90m2025-08-16T17:49:13.714Z[39m [32mDEBUG[39m [97m@wdio/browserstack-service[39m Added data to request queue. Queue length = 3
[90m2025-08-16T17:49:13.731Z[39m [32mDEBUG[39m [97m@wdio/browserstack-service[39m Added data to request queue. Queue length = 1
[90m2025-08-16T17:49:13.764Z[39m [32mDEBUG[39m [97m@wdio/browserstack-service[39m Added data to request queue. Queue length = 2
[90m2025-08-16T17:49:13.855Z[39m [32mDEBUG[39m [97m@wdio/browserstack-service[39m Added data to request queue. Queue length = 4
[90m2025-08-16T17:49:13.857Z[39m [32mDEBUG[39m [97m@wdio/browserstack-service[39m Accessibility after scenario hook. Before sending test stop event
[90m2025-08-16T17:49:13.857Z[39m [32mDEBUG[39m [97m@wdio/browserstack-service[39m Added data to request queue. Queue length = 5
[90m2025-08-16T17:49:13.860Z[39m [96mINFO[39m [97m@wdio/browserstack-service[39m Update job with sessionId 612c6df9187d24a6dd904ffaf65983af7d7de66f
[90m2025-08-16T17:49:13.860Z[39m [32mDEBUG[39m [97m@wdio/browserstack-service[39m Updating Browserstack session at https://api-cloud.browserstack.com/app-automate/sessions/612c6df9187d24a6dd904ffaf65983af7d7de66f.json with request body: 
[90m2025-08-16T17:49:13.933Z[39m [32mDEBUG[39m [97m@wdio/browserstack-service[39m Added data to request queue. Queue length = 3
[90m2025-08-16T17:49:14.072Z[39m [32mDEBUG[39m [97m@wdio/browserstack-service[39m Added data to request queue. Queue length = 4
[90m2025-08-16T17:49:14.073Z[39m [32mDEBUG[39m [97m@wdio/browserstack-service[39m Accessibility after scenario hook. Before sending test stop event
[90m2025-08-16T17:49:14.074Z[39m [32mDEBUG[39m [97m@wdio/browserstack-service[39m Added data to request queue. Queue length = 5
[90m2025-08-16T17:49:14.076Z[39m [96mINFO[39m [97m@wdio/browserstack-service[39m Update job with sessionId 688c368e3a4b24a40f101c5cfcdcecfebdaf964e
[90m2025-08-16T17:49:14.076Z[39m [32mDEBUG[39m [97m@wdio/browserstack-service[39m Updating Browserstack session at https://api-cloud.browserstack.com/app-automate/sessions/688c368e3a4b24a40f101c5cfcdcecfebdaf964e.json with request body: 
[90m2025-08-16T17:49:14.262Z[39m [32mDEBUG[39m [97m@wdio/browserstack-service[39m teardown started
[90m2025-08-16T17:49:14.262Z[39m [32mDEBUG[39m [97m@wdio/browserstack-service[39m shutdown started
[90m2025-08-16T17:49:14.262Z[39m [32mDEBUG[39m [97m@wdio/browserstack-service[39m Shutting down request queue
[90m2025-08-16T17:49:14.262Z[39m [32mDEBUG[39m [97m@wdio/browserstack-service[39m calling callback with kind SHUTDOWN_QUEUE
[90m2025-08-16T17:49:14.262Z[39m [32mDEBUG[39m [97m@wdio/browserstack-service[39m callback: called with events 5
[90m2025-08-16T17:49:14.398Z[39m [32mDEBUG[39m [97m@wdio/browserstack-service[39m [BATCH_DATA] Success response: {"success":true}
[90m2025-08-16T17:49:14.398Z[39m [32mDEBUG[39m [97m@wdio/browserstack-service[39m callback: marking events success 5
[90m2025-08-16T17:49:14.398Z[39m [32mDEBUG[39m [97m@wdio/browserstack-service[39m shutdown ended
[90m2025-08-16T17:49:14.398Z[39m [32mDEBUG[39m [97m@wdio/browserstack-service[39m teardown ended
[90m2025-08-16T17:49:14.425Z[39m [32mDEBUG[39m [97m@wdio/browserstack-service[39m teardown started
[90m2025-08-16T17:49:14.425Z[39m [32mDEBUG[39m [97m@wdio/browserstack-service[39m shutdown started
[90m2025-08-16T17:49:14.425Z[39m [32mDEBUG[39m [97m@wdio/browserstack-service[39m Shutting down request queue
[90m2025-08-16T17:49:14.425Z[39m [32mDEBUG[39m [97m@wdio/browserstack-service[39m calling callback with kind SHUTDOWN_QUEUE
[90m2025-08-16T17:49:14.425Z[39m [32mDEBUG[39m [97m@wdio/browserstack-service[39m callback: called with events 5
[90m2025-08-16T17:49:14.548Z[39m [32mDEBUG[39m [97m@wdio/browserstack-service[39m [BATCH_DATA] Success response: {"success":true}
[90m2025-08-16T17:49:14.548Z[39m [32mDEBUG[39m [97m@wdio/browserstack-service[39m callback: marking events success 5
[90m2025-08-16T17:49:14.548Z[39m [32mDEBUG[39m [97m@wdio/browserstack-service[39m shutdown ended
[90m2025-08-16T17:49:14.548Z[39m [32mDEBUG[39m [97m@wdio/browserstack-service[39m teardown ended
[90m2025-08-16T17:49:15.240Z[39m [32mDEBUG[39m [97m@wdio/browserstack-service[39m Added data to request queue. Queue length = 1
[90m2025-08-16T17:49:15.240Z[39m [32mDEBUG[39m [97m@wdio/browserstack-service[39m Force request-queue shutdown, as test run event is received after teardown
[90m2025-08-16T17:49:15.240Z[39m [32mDEBUG[39m [97m@wdio/browserstack-service[39m Sending data from request queue. Data length = 1, Queue length after removal = 0
[90m2025-08-16T17:49:15.240Z[39m [32mDEBUG[39m [97m@wdio/browserstack-service[39m calling callback with kind INTERVAL_QUEUE
[90m2025-08-16T17:49:15.240Z[39m [32mDEBUG[39m [97m@wdio/browserstack-service[39m callback: called with events 1
[90m2025-08-16T17:49:15.368Z[39m [32mDEBUG[39m [97m@wdio/browserstack-service[39m Added data to request queue. Queue length = 1
[90m2025-08-16T17:49:15.368Z[39m [32mDEBUG[39m [97m@wdio/browserstack-service[39m Force request-queue shutdown, as test run event is received after teardown
[90m2025-08-16T17:49:15.368Z[39m [32mDEBUG[39m [97m@wdio/browserstack-service[39m Sending data from request queue. Data length = 1, Queue length after removal = 0
[90m2025-08-16T17:49:15.368Z[39m [32mDEBUG[39m [97m@wdio/browserstack-service[39m calling callback with kind INTERVAL_QUEUE
[90m2025-08-16T17:49:15.368Z[39m [32mDEBUG[39m [97m@wdio/browserstack-service[39m callback: called with events 1
[90m2025-08-16T17:49:15.895Z[39m [32mDEBUG[39m [97m@wdio/browserstack-service[39m Inside OnComplete hook..
[90m2025-08-16T17:49:15.895Z[39m [32mDEBUG[39m [97m@wdio/browserstack-service[39m Sending stop launch event
[90m2025-08-16T17:49:16.240Z[39m [32mDEBUG[39m [97m@wdio/browserstack-service[39m [STOP_BUILD] Success response: 
[90m2025-08-16T17:49:16.241Z[39m [96mINFO[39m [97m@wdio/browserstack-service[39m Browserstack Local successfully started after 344.76579999999376ms
[90m2025-08-16T17:49:16.242Z[39m [96mINFO[39m [97m@wdio/browserstack-service[39m BrowserStack service run ended for id: 77c8b222-96f0-4386-bdc6-5f2d49f05b8b testhub id: 3ke5aqsvjtzqmbazcyd4irgbzz2mvkeomvhmsgxh
[90m2025-08-16T17:49:16.244Z[39m [32mDEBUG[39m [97m@wdio/browserstack-service[39m Reading worker file worker-data-16636.json
[90m2025-08-16T17:49:16.244Z[39m [32mDEBUG[39m [97m@wdio/browserstack-service[39m Reading worker file worker-data-23852.json
[90m2025-08-16T17:49:16.249Z[39m [32mDEBUG[39m [97m@wdio/browserstack-service[39m Sending SDK event with data {
  userName: '[REDACTED]',
  accessKey: '[REDACTED]',
  event_type: 'SDKTestSuccessful',
  detectedFramework: 'WebdriverIO-cucumber',
  event_properties: {
    sdkRunId: '77c8b222-96f0-4386-bdc6-5f2d49f05b8b',
    testhub_uuid: '3ke5aqsvjtzqmbazcyd4irgbzz2mvkeomvhmsgxh',
    language_framework: 'WebdriverIO_cucumber',
    referrer: 'WebdriverIO-cucumber/9.19.0',
    language: 'WebdriverIO',
    languageVersion: 'v22.11.0',
    buildName: 'undefined',
    buildIdentifier: 'undefined',
    os: 'Windows_NT',
    hostname: 'Hari',
    productMap: {
      observability: true,
      accessibility: null,
      percy: false,
      automate: false,
      app_automate: true
    },
    product: [ 'observability', 'app-automate' ],
    framework: 'cucumber',
    productUsage: {
      testObservability: {
        enabled: true,
        manuallySet: false,
        buildHashedId: '3ke5aqsvjtzqmbazcyd4irgbzz2mvkeomvhmsgxh',
        events: {
          buildEvents: {
            started: { isTriggered: true, status: 'success', error: undefined },
            finished: { isTriggered: true, status: 'success', error: undefined }
          },
          testEvents: {
            started: { triggeredCount: 2, sentCount: 2, failedCount: 0 },
            finished: { triggeredCount: 2, sentCount: 2, failedCount: 0 },
            passed: { triggeredCount: 2, sentCount: 2, failedCount: 0 }
          },
          hookEvents: {
            started: { triggeredCount: 0, sentCount: 0, failedCount: 0 },
            finished: { triggeredCount: 0, sentCount: 0, failedCount: 0 }
          },
          logEvents: {
            triggeredCount: 32,
            sentCount: 32,
            failedCount: 0,
            http: { triggeredCount: 32, sentCount: 32, failedCount: 0 }
          },
          cbtSessionEvents: { triggeredCount: 0, sentCount: 0, failedCount: 0 }
        }
      }
    }
  }
}
[90m2025-08-16T17:49:16.441Z[39m [32mDEBUG[39m [97m@wdio/browserstack-service[39m Funnel Event Response: "{\"message\":\"SDK Event recorded successfully\"}"
[90m2025-08-16T17:49:16.441Z[39m [32mDEBUG[39m [97m@wdio/browserstack-service[39m Funnel event success
[90m2025-08-16T17:49:17.153Z[39m [96mINFO[39m [97m@wdio/browserstack-service[39m Upload response: {
  "status": "success",
  "message": "Logs upload successful in file - logs.gz"
}
[90m2025-08-16T17:49:17.154Z[39m [32mDEBUG[39m [97m@wdio/browserstack-service[39m Response - {
  status: 'success',
  message: 'Logs upload successful in file - logs.gz'
}
2025-08-16T17:49:21.085Z DEBUG @wdio/browserstack-service Successfully uploaded performance events Bravo
